# JRE version: OpenJDK Runtime Environment Microsoft-8035246 (17.0.8+7) (build 17.0.8+7-LTS)
# Java VM: OpenJDK 64-Bit Server VM Microsoft-8035246 (17.0.8+7-LTS, mixed mode, sharing, tiered, compressed oops, compressed class ptrs, g1 gc, windows-amd64)
GC Precious Log:
 CPUs: 8 total, 8 available
 Memory: 12053M
 Large Page Support: Disabled
 NUMA Support: Disabled
 Compressed Oops: Enabled (32-bit)
 Heap Region Size: 1M
 Heap Min Capacity: 8M
 Heap Initial Capacity: 190M
 Heap Max Capacity: 2G
 Pre-touch: Disabled
 Parallel Workers: 8
 Concurrent Workers: 2
 Concurrent Refinement Workers: 8
 Periodic GC: Disabled
Heap:
 garbage-first heap   total 321536K, used 248336K [0x0000000080000000, 0x0000000100000000)
  region size 1024K, 63 young (64512K), 7 survivors (7168K)
 Metaspace       used 108610K, committed 109760K, reserved 557056K
  class space    used 15173K, committed 15744K, reserved 425984K
GC Heap History (20 events):
Event: 22.716 GC heap before
{Heap before GC invocations=47 (full 0):
 garbage-first heap   total 289792K, used 200123K [0x0000000080000000, 0x0000000100000000)
  region size 1024K, 107 young (109568K), 2 survivors (2048K)
 Metaspace       used 89277K, committed 89984K, reserved 557056K
  class space    used 12539K, committed 12864K, reserved 425984K
}
Event: 22.722 GC heap after
{Heap after GC invocations=48 (full 0):
 garbage-first heap   total 289792K, used 96507K [0x0000000080000000, 0x0000000100000000)
  region size 1024K, 5 young (5120K), 5 survivors (5120K)
 Metaspace       used 89277K, committed 89984K, reserved 557056K
  class space    used 12539K, committed 12864K, reserved 425984K
}
Event: 24.324 GC heap before
{Heap before GC invocations=48 (full 0):
 garbage-first heap   total 289792K, used 212219K [0x0000000080000000, 0x0000000100000000)
  region size 1024K, 115 young (117760K), 5 survivors (5120K)
 Metaspace       used 94245K, committed 95104K, reserved 557056K
  class space    used 13185K, committed 13568K, reserved 425984K
}
Event: 24.336 GC heap after
{Heap after GC invocations=49 (full 0):
 garbage-first heap   total 289792K, used 118232K [0x0000000080000000, 0x0000000100000000)
  region size 1024K, 15 young (15360K), 15 survivors (15360K)
 Metaspace       used 94245K, committed 95104K, reserved 557056K
  class space    used 13185K, committed 13568K, reserved 425984K
}
Event: 25.458 GC heap before
{Heap before GC invocations=49 (full 0):
 garbage-first heap   total 289792K, used 216536K [0x0000000080000000, 0x0000000100000000)
  region size 1024K, 109 young (111616K), 15 survivors (15360K)
 Metaspace       used 98223K, committed 99136K, reserved 557056K
  class space    used 13768K, committed 14208K, reserved 425984K
}
Event: 25.471 GC heap after
{Heap after GC invocations=50 (full 0):
 garbage-first heap   total 289792K, used 132815K [0x0000000080000000, 0x0000000100000000)
  region size 1024K, 12 young (12288K), 12 survivors (12288K)
 Metaspace       used 98223K, committed 99136K, reserved 557056K
  class space    used 13768K, committed 14208K, reserved 425984K
}
Event: 26.169 GC heap before
{Heap before GC invocations=50 (full 0):
 garbage-first heap   total 289792K, used 219855K [0x0000000080000000, 0x0000000100000000)
  region size 1024K, 97 young (99328K), 12 survivors (12288K)
 Metaspace       used 101431K, committed 102400K, reserved 557056K
  class space    used 14199K, committed 14656K, reserved 425984K
}
Event: 26.177 GC heap after
{Heap after GC invocations=51 (full 0):
 garbage-first heap   total 289792K, used 141636K [0x0000000080000000, 0x0000000100000000)
  region size 1024K, 9 young (9216K), 9 survivors (9216K)
 Metaspace       used 101431K, committed 102400K, reserved 557056K
  class space    used 14199K, committed 14656K, reserved 425984K
}
Event: 26.845 GC heap before
{Heap before GC invocations=51 (full 0):
 garbage-first heap   total 289792K, used 226628K [0x0000000080000000, 0x0000000100000000)
  region size 1024K, 91 young (93184K), 9 survivors (9216K)
 Metaspace       used 101830K, committed 102784K, reserved 557056K
  class space    used 14240K, committed 14720K, reserved 425984K
}
Event: 26.865 GC heap after
{Heap after GC invocations=52 (full 0):
 garbage-first heap   total 289792K, used 156257K [0x0000000080000000, 0x0000000100000000)
  region size 1024K, 12 young (12288K), 12 survivors (12288K)
 Metaspace       used 101830K, committed 102784K, reserved 557056K
  class space    used 14240K, committed 14720K, reserved 425984K
}
Event: 27.676 GC heap before
{Heap before GC invocations=52 (full 0):
 garbage-first heap   total 289792K, used 228961K [0x0000000080000000, 0x0000000100000000)
  region size 1024K, 83 young (84992K), 12 survivors (12288K)
 Metaspace       used 104977K, committed 105984K, reserved 557056K
  class space    used 14717K, committed 15168K, reserved 425984K
}
Event: 27.691 GC heap after
{Heap after GC invocations=53 (full 0):
 garbage-first heap   total 289792K, used 168892K [0x0000000080000000, 0x0000000100000000)
  region size 1024K, 11 young (11264K), 11 survivors (11264K)
 Metaspace       used 104977K, committed 105984K, reserved 557056K
  class space    used 14717K, committed 15168K, reserved 425984K
}
Event: 28.450 GC heap before
{Heap before GC invocations=53 (full 0):
 garbage-first heap   total 289792K, used 232380K [0x0000000080000000, 0x0000000100000000)
  region size 1024K, 73 young (74752K), 11 survivors (11264K)
 Metaspace       used 106969K, committed 107968K, reserved 557056K
  class space    used 14935K, committed 15424K, reserved 425984K
}
Event: 28.462 GC heap after
{Heap after GC invocations=54 (full 0):
 garbage-first heap   total 289792K, used 176226K [0x0000000080000000, 0x0000000100000000)
  region size 1024K, 8 young (8192K), 8 survivors (8192K)
 Metaspace       used 106969K, committed 107968K, reserved 557056K
  class space    used 14935K, committed 15424K, reserved 425984K
}
Event: 28.989 GC heap before
{Heap before GC invocations=55 (full 0):
 garbage-first heap   total 321536K, used 232546K [0x0000000080000000, 0x0000000100000000)
  region size 1024K, 64 young (65536K), 8 survivors (8192K)
 Metaspace       used 107911K, committed 108992K, reserved 557056K
  class space    used 15112K, committed 15616K, reserved 425984K
}
Event: 29.000 GC heap after
{Heap after GC invocations=56 (full 0):
 garbage-first heap   total 321536K, used 182426K [0x0000000080000000, 0x0000000100000000)
  region size 1024K, 7 young (7168K), 7 survivors (7168K)
 Metaspace       used 107911K, committed 108992K, reserved 557056K
  class space    used 15112K, committed 15616K, reserved 425984K
}
Event: 29.047 GC heap before
{Heap before GC invocations=56 (full 0):
 garbage-first heap   total 321536K, used 189594K [0x0000000080000000, 0x0000000100000000)
  region size 1024K, 15 young (15360K), 7 survivors (7168K)
 Metaspace       used 107958K, committed 109056K, reserved 557056K
  class space    used 15112K, committed 15616K, reserved 425984K
}
Event: 29.059 GC heap after
{Heap after GC invocations=57 (full 0):
 garbage-first heap   total 321536K, used 182619K [0x0000000080000000, 0x0000000100000000)
  region size 1024K, 2 young (2048K), 2 survivors (2048K)
 Metaspace       used 107958K, committed 109056K, reserved 557056K
  class space    used 15112K, committed 15616K, reserved 425984K
}
Event: 29.615 GC heap before
{Heap before GC invocations=57 (full 0):
 garbage-first heap   total 321536K, used 260443K [0x0000000080000000, 0x0000000100000000)
  region size 1024K, 79 young (80896K), 2 survivors (2048K)
 Metaspace       used 108554K, committed 109696K, reserved 557056K
  class space    used 15168K, committed 15744K, reserved 425984K
}
Event: 29.621 GC heap after
{Heap after GC invocations=58 (full 0):
 garbage-first heap   total 321536K, used 187920K [0x0000000080000000, 0x0000000100000000)
  region size 1024K, 7 young (7168K), 7 survivors (7168K)
 Metaspace       used 108554K, committed 109696K, reserved 557056K
  class space    used 15168K, committed 15744K, reserved 425984K
}

